#
# There is insufficient memory for the Java Runtime Environment to continue.
# Native memory allocation (malloc) failed to allocate 1048576 bytes for AllocateHeap
# Possible reasons:
#   The system is out of physical RAM or swap space
#   The process is running with CompressedOops enabled, and the Java Heap may be blocking the growth of the native heap
# Possible solutions:
#   Reduce memory load on the system
#   Increase physical memory or swap space
#   Check if swap backing store is full
#   Decrease Java heap size (-Xmx/-Xms)
#   Decrease number of Java threads
#   Decrease Java thread stack sizes (-Xss)
#   Set larger code cache with -XX:ReservedCodeCacheSize=
#   JVM is running with Zero Based Compressed Oops mode in which the Java heap is
#     placed in the first 32GB address space. The Java Heap base address is the
#     maximum limit for the native heap growth. Please use -XX:HeapBaseMinAddress
#     to set the Java Heap base and to place the Java Heap above 32GB virtual address.
# This output file may be truncated or incomplete.
#
#  Out of Memory Error (allocation.cpp:44), pid=21140, tid=28228
#
# JRE version: Java(TM) SE Runtime Environment Oracle GraalVM 21.0.7+8.1 (21.0.7+8) (build 21.0.7+8-LTS-jvmci-23.1-b60)
# Java VM: Java HotSpot(TM) 64-Bit Server VM Oracle GraalVM 21.0.7+8.1 (21.0.7+8-LTS-jvmci-23.1-b60, mixed mode, emulated-client, sharing, tiered, jvmci, jvmci compiler, compressed oops, compressed class ptrs, g1 gc, windows-amd64)
# No core dump will be written. Minidumps are not enabled by default on client versions of Windows
#

---------------  S U M M A R Y ------------

Command Line: -XX:ThreadPriorityPolicy=1 -XX:+UnlockExperimentalVMOptions -XX:+EnableJVMCIProduct -XX:-UnlockExperimentalVMOptions -XX:TieredStopAtLevel=1 -Dspring.output.ansi.enabled=always -Dcom.sun.management.jmxremote -Dspring.jmx.enabled=true -Dspring.liveBeansView.mbeanDomain -Dspring.application.admin.enabled=true -Dmanagement.endpoints.jmx.exposure.include=* -javaagent:C:\Program Files\JetBrains\IntelliJ IDEA 2025.2\lib\idea_rt.jar=8274 -Dfile.encoding=UTF-8 -Dsun.stdout.encoding=UTF-8 -Dsun.stderr.encoding=UTF-8 com.unimate.UnimateApplication

Host: AMD Ryzen 5 7500F 6-Core Processor             , 12 cores, 31G,  Windows 11 , 64 bit Build 26100 (10.0.26100.6725)
Time: Wed Oct 22 16:06:33 2025  Windows 11 , 64 bit Build 26100 (10.0.26100.6725) elapsed time: 7615.264901 seconds (0d 2h 6m 55s)

---------------  T H R E A D  ---------------

Current thread (0x000002147fa33e30):  VMThread "VM Thread"          [id=28228, stack(0x000000eecab00000,0x000000eecac00000) (1024K)]

Stack: [0x000000eecab00000,0x000000eecac00000]
Native frames: (J=compiled Java code, j=interpreted, Vv=VM code, C=native code)
V  [jvm.dll+0x6d4769]
V  [jvm.dll+0x85f091]
V  [jvm.dll+0x8615be]
V  [jvm.dll+0x861c93]
V  [jvm.dll+0x27e3a6]
V  [jvm.dll+0xbfa77]
V  [jvm.dll+0x344b32]
V  [jvm.dll+0x33f55e]
V  [jvm.dll+0x327fc8]
V  [jvm.dll+0x36aec4]
V  [jvm.dll+0x867a60]
V  [jvm.dll+0x868de4]
V  [jvm.dll+0x869320]
V  [jvm.dll+0x8695c3]
V  [jvm.dll+0x80936b]
V  [jvm.dll+0x6d2e4d]
C  [ucrtbase.dll+0x37b0]
C  [KERNEL32.DLL+0x2e8d7]
C  [ntdll.dll+0x8c53c]

VM_Operation (0x000000eeca3ff400): G1CollectFull, mode: safepoint, requested by thread 0x000002145aec86a0


---------------  P R O C E S S  ---------------

Threads class SMR info:
_java_thread_list=0x0000021462857110, length=18, elements={
0x0000021414208cf0, 0x000002141420c760, 0x0000021414213330, 0x0000021414214610,
0x00000214142167a0, 0x000002141421de70, 0x0000021414241f10, 0x0000021414328bd0,
0x0000021414826610, 0x00000214149404d0, 0x000002145a8e11e0, 0x000002145aec58b0,
0x000002145b2c44c0, 0x000002145cd768f0, 0x000002145c5e8c80, 0x000002141433d260,
0x000002145c59cc40, 0x000002145aec86a0
}

Java Threads: ( => current thread )
  0x0000021414208cf0 JavaThread "Reference Handler"          daemon [_thread_blocked, id=8188, stack(0x000000eecac00000,0x000000eecad00000) (1024K)]
  0x000002141420c760 JavaThread "Finalizer"                  daemon [_thread_blocked, id=14220, stack(0x000000eecad00000,0x000000eecae00000) (1024K)]
  0x0000021414213330 JavaThread "Signal Dispatcher"          daemon [_thread_blocked, id=24240, stack(0x000000eecae00000,0x000000eecaf00000) (1024K)]
  0x0000021414214610 JavaThread "Attach Listener"            daemon [_thread_blocked, id=29556, stack(0x000000eecaf00000,0x000000eecb000000) (1024K)]
  0x00000214142167a0 JavaThread "Service Thread"             daemon [_thread_blocked, id=18936, stack(0x000000eecb000000,0x000000eecb100000) (1024K)]
  0x000002141421de70 JavaThread "Monitor Deflation Thread"   daemon [_thread_blocked, id=15216, stack(0x000000eecb100000,0x000000eecb200000) (1024K)]
  0x0000021414241f10 JavaThread "C1 CompilerThread0"         daemon [_thread_blocked, id=22248, stack(0x000000eecb200000,0x000000eecb300000) (1024K)]
  0x0000021414328bd0 JavaThread "Common-Cleaner"             daemon [_thread_blocked, id=32640, stack(0x000000eecb300000,0x000000eecb400000) (1024K)]
  0x0000021414826610 JavaThread "Notification Thread"        daemon [_thread_blocked, id=1672, stack(0x000000eecb800000,0x000000eecb900000) (1024K)]
  0x00000214149404d0 JavaThread "RMI TCP Accept-0"           daemon [_thread_in_native, id=14484, stack(0x000000eecb900000,0x000000eecba00000) (1024K)]
  0x000002145a8e11e0 JavaThread "RMI Scheduler(0)"           daemon [_thread_blocked, id=1664, stack(0x000000eecc700000,0x000000eecc800000) (1024K)]
  0x000002145aec58b0 JavaThread "mysql-cj-abandoned-connection-cleanup" daemon [_thread_blocked, id=26828, stack(0x000000eeccc00000,0x000000eeccd00000) (1024K)]
  0x000002145b2c44c0 JavaThread "Live Reload Server"         daemon [_thread_in_native, id=28148, stack(0x000000eecd500000,0x000000eecd600000) (1024K)]
  0x000002145cd768f0 JavaThread "DestroyJavaVM"                     [_thread_blocked, id=19056, stack(0x000000eeca400000,0x000000eeca500000) (1024K)]
  0x000002145c5e8c80 JavaThread "C1 CompilerThread1"         daemon [_thread_blocked, id=6356, stack(0x000000eecb400000,0x000000eecb500000) (1024K)]
  0x000002141433d260 JavaThread "C1 CompilerThread2"         daemon [_thread_blocked, id=24824, stack(0x000000eecb500000,0x000000eecb600000) (1024K)]
  0x000002145c59cc40 JavaThread "C1 CompilerThread3"         daemon [_thread_blocked, id=12068, stack(0x000000eecb600000,0x000000eecb700000) (1024K)]
  0x000002145aec86a0 JavaThread "Thread-9"                          [_thread_blocked, id=32164, stack(0x000000eeca300000,0x000000eeca400000) (1024K)]
Total: 18

Other Threads:
=>0x000002147fa33e30 VMThread "VM Thread"                           [id=28228, stack(0x000000eecab00000,0x000000eecac00000) (1024K)]
  0x000002147fa21540 WatcherThread "VM Periodic Task Thread"        [id=2324, stack(0x000000eecaa00000,0x000000eecab00000) (1024K)]
  0x000002147f880900 WorkerThread "GC Thread#0"                     [id=20848, stack(0x000000eeca500000,0x000000eeca600000) (1024K)]
  0x0000021414cc5d50 WorkerThread "GC Thread#1"                     [id=17200, stack(0x000000eecba00000,0x000000eecbb00000) (1024K)]
  0x0000021414d0d6a0 WorkerThread "GC Thread#2"                     [id=2716, stack(0x000000eecbb00000,0x000000eecbc00000) (1024K)]
  0x0000021414d0da40 WorkerThread "GC Thread#3"                     [id=28372, stack(0x000000eecbc00000,0x000000eecbd00000) (1024K)]
  0x0000021414cf0240 WorkerThread "GC Thread#4"                     [id=22092, stack(0x000000eecbd00000,0x000000eecbe00000) (1024K)]
  0x0000021414cf05e0 WorkerThread "GC Thread#5"                     [id=18356, stack(0x000000eecbe00000,0x000000eecbf00000) (1024K)]
  0x0000021414ccef50 WorkerThread "GC Thread#6"                     [id=32488, stack(0x000000eecbf00000,0x000000eecc000000) (1024K)]
  0x0000021414ccf2f0 WorkerThread "GC Thread#7"                     [id=32432, stack(0x000000eecc000000,0x000000eecc100000) (1024K)]
  0x0000021414ccf690 WorkerThread "GC Thread#8"                     [id=9836, stack(0x000000eecc100000,0x000000eecc200000) (1024K)]
  0x0000021414d04c50 WorkerThread "GC Thread#9"                     [id=2288, stack(0x000000eecc200000,0x000000eecc300000) (1024K)]
  0x0000021479caa3e0 ConcurrentGCThread "G1 Main Marker"            [id=6472, stack(0x000000eeca600000,0x000000eeca700000) (1024K)]
  0x0000021479caadf0 WorkerThread "G1 Conc#0"                       [id=6336, stack(0x000000eeca700000,0x000000eeca800000) (1024K)]
  0x000002145a3fb070 WorkerThread "G1 Conc#1"                       [id=26124, stack(0x000000eecc800000,0x000000eecc900000) (1024K)]
  0x000002145a3f9e50 WorkerThread "G1 Conc#2"                       [id=7608, stack(0x000000eecc900000,0x000000eecca00000) (1024K)]
  0x000002147f8f3760 ConcurrentGCThread "G1 Refine#0"               [id=15812, stack(0x000000eeca800000,0x000000eeca900000) (1024K)]
  0x000002147f8f5090 ConcurrentGCThread "G1 Service"                [id=12628, stack(0x000000eeca900000,0x000000eecaa00000) (1024K)]
Total: 18

Threads with active compile tasks:
C1 CompilerThread0  7615286 16295       1       java.lang.invoke.Invokers::checkExactType (17 bytes)
C1 CompilerThread3  7615287 16294       1       java.lang.invoke.Invokers::checkCustomized (23 bytes)
Total: 2

VM state: at safepoint (normal execution)

VM Mutex/Monitor currently owned by a thread:  ([mutex/lock_event])
[0x00007ffb126b7eb0] Threads_lock - owner thread: 0x000002147fa33e30
[0x00007ffb126b7fb0] Heap_lock - owner thread: 0x000002145aec86a0

Heap address: 0x0000000604000000, size: 8128 MB, Compressed Oops mode: Zero based, Oop shift amount: 3

CDS archive(s) mapped at: [0x0000021415000000-0x0000021415c90000-0x0000021415c90000), size 13172736, SharedBaseAddress: 0x0000021415000000, ArchiveRelocationMode: 1.
Compressed class space mapped at: 0x0000021416000000-0x0000021456000000, reserved size: 1073741824
Narrow klass base: 0x0000021415000000, Narrow klass shift: 0, Narrow klass range: 0x100000000

GC Precious Log:
 CardTable entry size: 512
 Card Set container configuration: InlinePtr #cards 4 size 8 Array Of Cards #cards 32 size 80 Howl #buckets 8 coarsen threshold 7372 Howl Bitmap #cards 1024 size 144 coarsen threshold 921 Card regions per heap region 1 cards per card region 8192
 CPUs: 12 total, 12 available
 Memory: 32502M
 Large Page Support: Disabled
 NUMA Support: Disabled
 Compressed Oops: Enabled (Zero based)
 Heap Region Size: 4M
 Heap Min Capacity: 8M
 Heap Initial Capacity: 508M
 Heap Max Capacity: 8128M
 Pre-touch: Disabled
 Parallel Workers: 10
 Concurrent Workers: 3
 Concurrent Refinement Workers: 10
 Periodic GC: Disabled

Heap:
 garbage-first heap   total 151552K, used 81872K [0x0000000604000000, 0x0000000800000000)
  region size 4096K, 11 young (45056K), 2 survivors (8192K)
 Metaspace       used 91919K, committed 92928K, reserved 1179648K
  class space    used 13299K, committed 13760K, reserved 1048576K

Heap Regions: E=young(eden), S=young(survivor), O=old, HS=humongous(starts), HC=humongous(continues), CS=collection set, F=free, TAMS=top-at-mark-start, PB=parsable bottom
|   0|0x0000000604000000, 0x0000000604400000, 0x0000000604400000|100%| O|  |TAMS 0x0000000604000000| PB 0x0000000604000000| Untracked 
|   1|0x0000000604400000, 0x00000006047ffff8, 0x0000000604800000| 99%| O|  |TAMS 0x0000000604400000| PB 0x0000000604400000| Untracked 
|   2|0x0000000604800000, 0x0000000604bffa18, 0x0000000604c00000| 99%| O|  |TAMS 0x0000000604800000| PB 0x0000000604800000| Untracked 
|   3|0x0000000604c00000, 0x0000000604fffff8, 0x0000000605000000| 99%| O|  |TAMS 0x0000000604c00000| PB 0x0000000604c00000| Untracked 
|   4|0x0000000605000000, 0x0000000605400000, 0x0000000605400000|100%| O|  |TAMS 0x0000000605000000| PB 0x0000000605000000| Untracked 
|   5|0x0000000605400000, 0x0000000605800000, 0x0000000605800000|100%| O|  |TAMS 0x0000000605400000| PB 0x0000000605400000| Untracked 
|   6|0x0000000605800000, 0x0000000605a723a8, 0x0000000605c00000| 61%| O|  |TAMS 0x0000000605800000| PB 0x0000000605800000| Untracked 
|   7|0x0000000605c00000, 0x0000000605cb9b50, 0x0000000606000000| 18%| O|  |TAMS 0x0000000605c00000| PB 0x0000000605c00000| Untracked 
|   8|0x0000000606000000, 0x00000006063fffe8, 0x0000000606400000| 99%| O|  |TAMS 0x0000000606000000| PB 0x0000000606000000| Untracked 
|   9|0x0000000606400000, 0x00000006065e5990, 0x0000000606800000| 47%| O|  |TAMS 0x0000000606400000| PB 0x0000000606400000| Untracked 
|  10|0x0000000606800000, 0x0000000606c00000, 0x0000000606c00000|100%| O|  |TAMS 0x0000000606800000| PB 0x0000000606800000| Untracked 
|  11|0x0000000606c00000, 0x0000000606fbe650, 0x0000000607000000| 93%| O|  |TAMS 0x0000000606c00000| PB 0x0000000606c00000| Untracked 
|  12|0x0000000607000000, 0x000000060708d3c8, 0x0000000607400000| 13%| O|Cm|TAMS 0x0000000607000000| PB 0x0000000607000000| Complete 
|  13|0x0000000607400000, 0x0000000607400000, 0x0000000607800000|  0%| F|  |TAMS 0x0000000607400000| PB 0x0000000607400000| Untracked 
|  14|0x0000000607800000, 0x0000000607800000, 0x0000000607c00000|  0%| F|  |TAMS 0x0000000607800000| PB 0x0000000607800000| Untracked 
|  15|0x0000000607c00000, 0x0000000607c00000, 0x0000000608000000|  0%| F|  |TAMS 0x0000000607c00000| PB 0x0000000607c00000| Untracked 
|  16|0x0000000608000000, 0x0000000608000000, 0x0000000608400000|  0%| F|  |TAMS 0x0000000608000000| PB 0x0000000608000000| Untracked 
|  17|0x0000000608400000, 0x0000000608400000, 0x0000000608800000|  0%| F|  |TAMS 0x0000000608400000| PB 0x0000000608400000| Untracked 
|  18|0x0000000608800000, 0x0000000608800000, 0x0000000608c00000|  0%| F|  |TAMS 0x0000000608800000| PB 0x0000000608800000| Untracked 
|  19|0x0000000608c00000, 0x0000000608c00000, 0x0000000609000000|  0%| F|  |TAMS 0x0000000608c00000| PB 0x0000000608c00000| Untracked 
|  20|0x0000000609000000, 0x0000000609000000, 0x0000000609400000|  0%| F|  |TAMS 0x0000000609000000| PB 0x0000000609000000| Untracked 
|  21|0x0000000609400000, 0x0000000609400000, 0x0000000609800000|  0%| F|  |TAMS 0x0000000609400000| PB 0x0000000609400000| Untracked 
|  22|0x0000000609800000, 0x0000000609800000, 0x0000000609c00000|  0%| F|  |TAMS 0x0000000609800000| PB 0x0000000609800000| Untracked 
|  23|0x0000000609c00000, 0x0000000609c00000, 0x000000060a000000|  0%| F|  |TAMS 0x0000000609c00000| PB 0x0000000609c00000| Untracked 
|  24|0x000000060a000000, 0x000000060a000000, 0x000000060a400000|  0%| F|  |TAMS 0x000000060a000000| PB 0x000000060a000000| Untracked 
|  25|0x000000060a400000, 0x000000060a400000, 0x000000060a800000|  0%| F|  |TAMS 0x000000060a400000| PB 0x000000060a400000| Untracked 
|  26|0x000000060a800000, 0x000000060aaab090, 0x000000060ac00000| 66%| E|  |TAMS 0x000000060a800000| PB 0x000000060a800000| Complete 
|  27|0x000000060ac00000, 0x000000060b000000, 0x000000060b000000|100%| E|CS|TAMS 0x000000060ac00000| PB 0x000000060ac00000| Complete 
|  28|0x000000060b000000, 0x000000060b400000, 0x000000060b400000|100%| E|CS|TAMS 0x000000060b000000| PB 0x000000060b000000| Complete 
|  29|0x000000060b400000, 0x000000060b697680, 0x000000060b800000| 64%| S|CS|TAMS 0x000000060b400000| PB 0x000000060b400000| Complete 
|  30|0x000000060b800000, 0x000000060bc00000, 0x000000060bc00000|100%| S|CS|TAMS 0x000000060b800000| PB 0x000000060b800000| Complete 
|  31|0x000000060bc00000, 0x000000060c000000, 0x000000060c000000|100%| E|CS|TAMS 0x000000060bc00000| PB 0x000000060bc00000| Complete 
|  32|0x000000060c000000, 0x000000060c400000, 0x000000060c400000|100%| E|CS|TAMS 0x000000060c000000| PB 0x000000060c000000| Complete 
|  33|0x000000060c400000, 0x000000060c800000, 0x000000060c800000|100%| E|CS|TAMS 0x000000060c400000| PB 0x000000060c400000| Complete 
|  34|0x000000060c800000, 0x000000060cc00000, 0x000000060cc00000|100%| E|CS|TAMS 0x000000060c800000| PB 0x000000060c800000| Complete 
|  35|0x000000060cc00000, 0x000000060d000000, 0x000000060d000000|100%| E|CS|TAMS 0x000000060cc00000| PB 0x000000060cc00000| Complete 
|  36|0x000000060d000000, 0x000000060d400000, 0x000000060d400000|100%| E|CS|TAMS 0x000000060d000000| PB 0x000000060d000000| Complete 

Card table byte_map: [0x000002147e860000,0x000002147f840000] _byte_map_base: 0x000002147b840000

Marking Bits: (CMBitMap*) 0x0000021479c98e80
 Bits: [0x0000021409cf0000, 0x0000021411bf0000)

Polling page: 0x0000021478160000

Metaspace:

Usage:
  Non-class:     76.78 MB used.
      Class:     12.99 MB used.
       Both:     89.76 MB used.

Virtual space:
  Non-class space:      128.00 MB reserved,      77.31 MB ( 60%) committed,  2 nodes.
      Class space:        1.00 GB reserved,      13.44 MB (  1%) committed,  1 nodes.
             Both:        1.12 GB reserved,      90.75 MB (  8%) committed. 

Chunk freelists:
   Non-Class:  1.86 MB
       Class:  2.60 MB
        Both:  4.47 MB

MaxMetaspaceSize: unlimited
CompressedClassSpaceSize: 1.00 GB
Initial GC threshold: 21.00 MB
Current GC threshold: 151.06 MB
CDS: on
 - commit_granule_bytes: 65536.
 - commit_granule_words: 8192.
 - virtual_space_node_default_size: 8388608.
 - enlarge_chunks_in_place: 1.
 - use_allocation_guard: 0.


Internal statistics:

num_allocs_failed_limit: 6.
num_arena_births: 2170.
num_arena_deaths: 790.
num_vsnodes_births: 3.
num_vsnodes_deaths: 0.
num_space_committed: 1452.
num_space_uncommitted: 0.
num_chunks_returned_to_freelist: 986.
num_chunks_taken_from_freelist: 6107.
num_chunk_merges: 280.
num_chunk_splits: 3917.
num_chunks_enlarged: 2802.
num_inconsistent_stats: 0.

CodeCache: size=49152Kb used=18701Kb max_used=18701Kb free=30450Kb
 bounds [0x0000021479de0000, 0x000002147b030000, 0x000002147cde0000]
 total_blobs=9804 nmethods=9011 adapters=712
 compilation: enabled
              stopped_count=0, restarted_count=0
 full_count=0

JVMCI Events (1 events):
Event: 0.025 Thread 0x00000214781c8bf0 created new Java JVMCI runtime -1 (0x00000214781c7c90)

Compilation events (20 events):
Event: 7614.250 Thread 0x0000021414241f10 nmethod 16285 0x000002147b01dd90 code [0x000002147b01dfc0, 0x000002147b01e418]
Event: 7614.251 Thread 0x0000021414241f10 16286       1       org.h2.jdbc.JdbcConnection::closeAndSetNull (12 bytes)
Event: 7614.251 Thread 0x000002145c59cc40 16287       1       org.h2.engine.SessionLocal::removeTemporaryLobs (165 bytes)
Event: 7614.251 Thread 0x0000021414241f10 nmethod 16286 0x000002147b01e690 code [0x000002147b01e820, 0x000002147b01e920]
Event: 7614.251 Thread 0x0000021414241f10 16288       1       org.h2.mvstore.MVStore::dropUnusedVersions (59 bytes)
Event: 7614.251 Thread 0x000002145c5e8c80 16289       1       org.h2.mvstore.MVStore::setOldestVersionToKeep (90 bytes)
Event: 7614.251 Thread 0x0000021414241f10 nmethod 16288 0x000002147b01ea10 code [0x000002147b01ebe0, 0x000002147b01edd0]
Event: 7614.251 Thread 0x000002145c5e8c80 nmethod 16289 0x000002147b01ef10 code [0x000002147b01f0e0, 0x000002147b01f3d8]
Event: 7614.251 Thread 0x000002145c59cc40 nmethod 16287 0x000002147b01f610 code [0x000002147b01f880, 0x000002147b0201a0]
Event: 7614.254 Thread 0x000002145c5e8c80 16290       1       org.h2.mvstore.cache.CacheLongKeyLIRS$Segment::setMaxMemory (6 bytes)
Event: 7614.254 Thread 0x000002145c5e8c80 nmethod 16290 0x000002147b020790 code [0x000002147b020920, 0x000002147b0209e8]
Event: 7614.255 Thread 0x000002145c5e8c80 16291       1       org.h2.store.fs.FilePath::toString (5 bytes)
Event: 7614.255 Thread 0x000002145c5e8c80 nmethod 16291 0x000002147b020a90 code [0x000002147b020c20, 0x000002147b020cf0]
Event: 7614.255 Thread 0x000002145c5e8c80 16292       1       java.util.concurrent.ConcurrentHashMap$BaseIterator::remove (37 bytes)
Event: 7614.255 Thread 0x000002145c5e8c80 nmethod 16292 0x000002147b020d90 code [0x000002147b020f60, 0x000002147b021168]
Event: 7614.255 Thread 0x000002145c5e8c80 16293   !   1       java.util.concurrent.ThreadPoolExecutor::tryTerminate (177 bytes)
Event: 7614.256 Thread 0x000002145c5e8c80 nmethod 16293 0x000002147b021290 code [0x000002147b021640, 0x000002147b022468]
Event: 7614.257 Thread 0x000002145c59cc40 16294       1       java.lang.invoke.Invokers::checkCustomized (23 bytes)
Event: 7614.257 Thread 0x0000021414241f10 16295       1       java.lang.invoke.Invokers::checkExactType (17 bytes)
Event: 7614.257 Thread 0x000002145c59cc40 nmethod 16294 0x000002147b023190 code [0x000002147b023340, 0x000002147b023420]

GC Heap History (20 events):
Event: 5373.927 GC heap after
{Heap after GC invocations=38 (full 0):
 garbage-first heap   total 204800K, used 55509K [0x0000000604000000, 0x0000000800000000)
  region size 4096K, 2 young (8192K), 2 survivors (8192K)
 Metaspace       used 90002K, committed 91456K, reserved 1179648K
  class space    used 13064K, committed 13632K, reserved 1048576K
}
Event: 5820.329 GC heap before
{Heap before GC invocations=38 (full 0):
 garbage-first heap   total 204800K, used 170197K [0x0000000604000000, 0x0000000800000000)
  region size 4096K, 30 young (122880K), 2 survivors (8192K)
 Metaspace       used 90002K, committed 91456K, reserved 1179648K
  class space    used 13064K, committed 13632K, reserved 1048576K
}
Event: 5820.335 GC heap after
{Heap after GC invocations=39 (full 0):
 garbage-first heap   total 204800K, used 49859K [0x0000000604000000, 0x0000000800000000)
  region size 4096K, 2 young (8192K), 2 survivors (8192K)
 Metaspace       used 90002K, committed 91456K, reserved 1179648K
  class space    used 13064K, committed 13632K, reserved 1048576K
}
Event: 6269.367 GC heap before
{Heap before GC invocations=39 (full 0):
 garbage-first heap   total 204800K, used 164547K [0x0000000604000000, 0x0000000800000000)
  region size 4096K, 30 young (122880K), 2 survivors (8192K)
 Metaspace       used 90002K, committed 91456K, reserved 1179648K
  class space    used 13064K, committed 13632K, reserved 1048576K
}
Event: 6269.371 GC heap after
{Heap after GC invocations=40 (full 0):
 garbage-first heap   total 204800K, used 49779K [0x0000000604000000, 0x0000000800000000)
  region size 4096K, 2 young (8192K), 2 survivors (8192K)
 Metaspace       used 90002K, committed 91456K, reserved 1179648K
  class space    used 13064K, committed 13632K, reserved 1048576K
}
Event: 6683.114 GC heap before
{Heap before GC invocations=41 (full 0):
 garbage-first heap   total 192512K, used 156275K [0x0000000604000000, 0x0000000800000000)
  region size 4096K, 28 young (114688K), 2 survivors (8192K)
 Metaspace       used 90002K, committed 91456K, reserved 1179648K
  class space    used 13064K, committed 13632K, reserved 1048576K
}
Event: 6683.122 GC heap after
{Heap after GC invocations=42 (full 0):
 garbage-first heap   total 192512K, used 49994K [0x0000000604000000, 0x0000000800000000)
  region size 4096K, 2 young (8192K), 2 survivors (8192K)
 Metaspace       used 90002K, committed 91456K, reserved 1179648K
  class space    used 13064K, committed 13632K, reserved 1048576K
}
Event: 7095.370 GC heap before
{Heap before GC invocations=42 (full 0):
 garbage-first heap   total 192512K, used 156490K [0x0000000604000000, 0x0000000800000000)
  region size 4096K, 28 young (114688K), 2 survivors (8192K)
 Metaspace       used 90002K, committed 91456K, reserved 1179648K
  class space    used 13064K, committed 13632K, reserved 1048576K
}
Event: 7095.376 GC heap after
{Heap after GC invocations=43 (full 0):
 garbage-first heap   total 192512K, used 46125K [0x0000000604000000, 0x0000000800000000)
  region size 4096K, 2 young (8192K), 2 survivors (8192K)
 Metaspace       used 90002K, committed 91456K, reserved 1179648K
  class space    used 13064K, committed 13632K, reserved 1048576K
}
Event: 7510.367 GC heap before
{Heap before GC invocations=43 (full 0):
 garbage-first heap   total 192512K, used 152621K [0x0000000604000000, 0x0000000800000000)
  region size 4096K, 28 young (114688K), 2 survivors (8192K)
 Metaspace       used 90002K, committed 91456K, reserved 1179648K
  class space    used 13064K, committed 13632K, reserved 1048576K
}
Event: 7510.371 GC heap after
{Heap after GC invocations=44 (full 0):
 garbage-first heap   total 192512K, used 45675K [0x0000000604000000, 0x0000000800000000)
  region size 4096K, 2 young (8192K), 2 survivors (8192K)
 Metaspace       used 90002K, committed 91456K, reserved 1179648K
  class space    used 13064K, committed 13632K, reserved 1048576K
}
Event: 7610.976 GC heap before
{Heap before GC invocations=45 (full 0):
 garbage-first heap   total 192512K, used 74347K [0x0000000604000000, 0x0000000800000000)
  region size 4096K, 10 young (40960K), 2 survivors (8192K)
 Metaspace       used 90160K, committed 91456K, reserved 1179648K
  class space    used 13105K, committed 13632K, reserved 1048576K
}
Event: 7611.011 GC heap after
{Heap after GC invocations=46 (full 1):
 garbage-first heap   total 151552K, used 34425K [0x0000000604000000, 0x0000000800000000)
  region size 4096K, 0 young (0K), 0 survivors (0K)
 Metaspace       used 89879K, committed 91456K, reserved 1179648K
  class space    used 13030K, committed 13632K, reserved 1048576K
}
Event: 7611.942 GC heap before
{Heap before GC invocations=46 (full 1):
 garbage-first heap   total 151552K, used 108153K [0x0000000604000000, 0x0000000800000000)
  region size 4096K, 19 young (77824K), 0 survivors (0K)
 Metaspace       used 90461K, committed 91520K, reserved 1179648K
  class space    used 13127K, committed 13632K, reserved 1048576K
}
Event: 7611.946 GC heap after
{Heap after GC invocations=47 (full 1):
 garbage-first heap   total 151552K, used 43189K [0x0000000604000000, 0x0000000800000000)
  region size 4096K, 3 young (12288K), 3 survivors (12288K)
 Metaspace       used 90461K, committed 91520K, reserved 1179648K
  class space    used 13127K, committed 13632K, reserved 1048576K
}
Event: 7612.371 GC heap before
{Heap before GC invocations=48 (full 1):
 garbage-first heap   total 151552K, used 112821K [0x0000000604000000, 0x0000000800000000)
  region size 4096K, 20 young (81920K), 3 survivors (12288K)
 Metaspace       used 91404K, committed 92288K, reserved 1179648K
  class space    used 13237K, committed 13632K, reserved 1048576K
}
Event: 7612.376 GC heap after
{Heap after GC invocations=49 (full 1):
 garbage-first heap   total 151552K, used 47151K [0x0000000604000000, 0x0000000800000000)
  region size 4096K, 2 young (8192K), 2 survivors (8192K)
 Metaspace       used 91404K, committed 92288K, reserved 1179648K
  class space    used 13237K, committed 13632K, reserved 1048576K
}
Event: 7612.522 GC heap before
{Heap before GC invocations=49 (full 1):
 garbage-first heap   total 151552K, used 67631K [0x0000000604000000, 0x0000000800000000)
  region size 4096K, 8 young (32768K), 2 survivors (8192K)
 Metaspace       used 91855K, committed 92800K, reserved 1179648K
  class space    used 13282K, committed 13696K, reserved 1048576K
}
Event: 7612.524 GC heap after
{Heap after GC invocations=50 (full 1):
 garbage-first heap   total 151552K, used 49104K [0x0000000604000000, 0x0000000800000000)
  region size 4096K, 2 young (8192K), 2 survivors (8192K)
 Metaspace       used 91855K, committed 92800K, reserved 1179648K
  class space    used 13282K, committed 13696K, reserved 1048576K
}
Event: 7614.257 GC heap before
{Heap before GC invocations=51 (full 1):
 garbage-first heap   total 151552K, used 81872K [0x0000000604000000, 0x0000000800000000)
  region size 4096K, 11 young (45056K), 2 survivors (8192K)
 Metaspace       used 91919K, committed 92928K, reserved 1179648K
  class space    used 13299K, committed 13760K, reserved 1048576K
}

Dll operation events (12 events):
Event: 0.014 Loaded shared library C:\Users\RWL\.jdks\graalvm-jdk-21.0.7\bin\java.dll
Event: 0.115 Loaded shared library C:\Users\RWL\.jdks\graalvm-jdk-21.0.7\bin\zip.dll
Event: 0.119 Loaded shared library C:\Users\RWL\.jdks\graalvm-jdk-21.0.7\bin\instrument.dll
Event: 0.122 Loaded shared library C:\Users\RWL\.jdks\graalvm-jdk-21.0.7\bin\net.dll
Event: 0.125 Loaded shared library C:\Users\RWL\.jdks\graalvm-jdk-21.0.7\bin\nio.dll
Event: 0.128 Loaded shared library C:\Users\RWL\.jdks\graalvm-jdk-21.0.7\bin\zip.dll
Event: 0.188 Loaded shared library C:\Users\RWL\.jdks\graalvm-jdk-21.0.7\bin\jimage.dll
Event: 0.191 Loaded shared library C:\Users\RWL\.jdks\graalvm-jdk-21.0.7\bin\extnet.dll
Event: 0.200 Loaded shared library C:\Users\RWL\.jdks\graalvm-jdk-21.0.7\bin\management.dll
Event: 0.204 Loaded shared library C:\Users\RWL\.jdks\graalvm-jdk-21.0.7\bin\management_ext.dll
Event: 1.243 Loaded shared library C:\Users\RWL\.jdks\graalvm-jdk-21.0.7\bin\sunmscapi.dll
Event: 2.877 Loaded shared library C:\Users\RWL\.jdks\graalvm-jdk-21.0.7\bin\verify.dll

Deoptimization events (8 events):
Event: 3.146 Thread 0x0000021414328bd0 DEOPT PACKING pc=0x000002147a3afb44 sp=0x000000eecb3ff240
Event: 3.146 Thread 0x0000021414328bd0 DEOPT UNPACKING pc=0x0000021479e38fe3 sp=0x000000eecb3fe788 mode 0
Event: 3.600 Thread 0x000002145a8bc850 DEOPT PACKING pc=0x000002147a7ad85c sp=0x000000eecc6ff0e0
Event: 3.600 Thread 0x000002145a8bc850 DEOPT UNPACKING pc=0x0000021479e38fe3 sp=0x000000eecc6fe620 mode 0
Event: 8.061 Thread 0x000002145aec58b0 DEOPT PACKING pc=0x000002147a3afb44 sp=0x000000eecccfefd0
Event: 8.061 Thread 0x000002145aec58b0 DEOPT UNPACKING pc=0x0000021479e38fe3 sp=0x000000eecccfe518 mode 0
Event: 45.918 Thread 0x000002145b2c5870 DEOPT PACKING pc=0x000002147a07d99c sp=0x000000eecd7fa860
Event: 45.918 Thread 0x000002145b2c5870 DEOPT UNPACKING pc=0x0000021479e38fe3 sp=0x000000eecd7f9d00 mode 0

Classes loaded (20 events):
Event: 55.369 Loading class sun/util/resources/Bundles$2
Event: 55.369 Loading class sun/util/resources/Bundles$2 done
Event: 2379.192 Loading class java/util/stream/ReferencePipeline$4
Event: 2379.192 Loading class java/util/stream/ReferencePipeline$4 done
Event: 2379.192 Loading class java/util/function/IntBinaryOperator
Event: 2379.192 Loading class java/util/function/IntBinaryOperator done
Event: 2379.192 Loading class java/util/stream/ReduceOps$7
Event: 2379.192 Loading class java/util/stream/ReduceOps$7 done
Event: 2379.192 Loading class java/util/stream/ReduceOps$6ReducingSink
Event: 2379.192 Loading class java/util/stream/ReduceOps$6ReducingSink done
Event: 2379.192 Loading class java/util/stream/ReferencePipeline$4$1
Event: 2379.192 Loading class java/util/stream/ReferencePipeline$4$1 done
Event: 7610.937 Loading class java/util/concurrent/locks/AbstractQueuedSynchronizer$SharedNode
Event: 7610.937 Loading class java/util/concurrent/locks/AbstractQueuedSynchronizer$SharedNode done
Event: 7611.011 Loading class java/lang/ref/Finalizer$2
Event: 7611.012 Loading class java/lang/ref/Finalizer$2 done
Event: 7611.012 Loading class java/lang/ref/Finalizer$1
Event: 7611.012 Loading class java/lang/ref/Finalizer$1 done
Event: 7612.468 Loading class java/time/DurationEditor
Event: 7612.468 Loading class java/time/DurationEditor done

Classes unloaded (20 events):
Event: 7610.988 Thread 0x000002147fa33e30 Unloading class 0x0000021416b04c00 'java/lang/invoke/LambdaForm$MH+0x0000021416b04c00'
Event: 7610.988 Thread 0x000002147fa33e30 Unloading class 0x0000021416b04800 'jdk/internal/reflect/GeneratedSerializationConstructorAccessor31'
Event: 7610.988 Thread 0x000002147fa33e30 Unloading class 0x0000021416b04000 'java/lang/invoke/LambdaForm$MH+0x0000021416b04000'
Event: 7610.988 Thread 0x000002147fa33e30 Unloading class 0x0000021416af8400 'jdk/internal/reflect/GeneratedSerializationConstructorAccessor30'
Event: 7610.988 Thread 0x000002147fa33e30 Unloading class 0x0000021416af8000 'jdk/internal/reflect/GeneratedSerializationConstructorAccessor29'
Event: 7610.988 Thread 0x000002147fa33e30 Unloading class 0x000002141651d000 'java/lang/invoke/LambdaForm$MH+0x000002141651d000'
Event: 7610.988 Thread 0x000002147fa33e30 Unloading class 0x000002141651c000 'java/lang/invoke/LambdaForm$DMH+0x000002141651c000'
Event: 7610.988 Thread 0x000002147fa33e30 Unloading class 0x000002141644a400 'java/lang/invoke/LambdaForm$MH+0x000002141644a400'
Event: 7612.547 Thread 0x000002147fa33e30 Unloading class 0x00000214164b8800 'java/lang/invoke/LambdaForm$MH+0x00000214164b8800'
Event: 7612.547 Thread 0x000002147fa33e30 Unloading class 0x00000214164b9800 'java/lang/invoke/LambdaForm$MH+0x00000214164b9800'
Event: 7612.547 Thread 0x000002147fa33e30 Unloading class 0x00000214164d9400 'java/lang/invoke/LambdaForm$MH+0x00000214164d9400'
Event: 7612.547 Thread 0x000002147fa33e30 Unloading class 0x000002141651c400 'java/lang/invoke/LambdaForm$MH+0x000002141651c400'
Event: 7612.547 Thread 0x000002147fa33e30 Unloading class 0x0000021416525000 'java/lang/invoke/LambdaForm$MH+0x0000021416525000'
Event: 7612.547 Thread 0x000002147fa33e30 Unloading class 0x000002141694ac00 'java/lang/invoke/LambdaForm$MH+0x000002141694ac00'
Event: 7612.547 Thread 0x000002147fa33e30 Unloading class 0x000002141695c000 'java/lang/invoke/LambdaForm$MH+0x000002141695c000'
Event: 7612.547 Thread 0x000002147fa33e30 Unloading class 0x0000021416ad8400 'java/lang/invoke/LambdaForm$MH+0x0000021416ad8400'
Event: 7612.547 Thread 0x000002147fa33e30 Unloading class 0x0000021416ad8c00 'java/lang/invoke/LambdaForm$MH+0x0000021416ad8c00'
Event: 7612.547 Thread 0x000002147fa33e30 Unloading class 0x0000021416ae8000 'java/lang/invoke/LambdaForm$MH+0x0000021416ae8000'
Event: 7612.547 Thread 0x000002147fa33e30 Unloading class 0x0000021416ae9000 'java/lang/invoke/LambdaForm$MH+0x0000021416ae9000'
Event: 7612.547 Thread 0x000002147fa33e30 Unloading class 0x0000021416110800 'java/lang/invoke/LambdaForm$MH+0x0000021416110800'

Classes redefined (0 events):
No events

Internal exceptions (20 events):
Event: 7612.729 Thread 0x000002145aab53e0 Exception <a 'java/io/IOException'{0x000000060aec18e0}> (0x000000060aec18e0) 
thrown [s\open\src\hotspot\share\prims\jni.cpp, line 520]
Event: 7614.243 Thread 0x000002145aab6790 Exception <a 'java/io/IOException'{0x000000060a91ed98}> (0x000000060a91ed98) 
thrown [s\open\src\hotspot\share\prims\jni.cpp, line 520]
Event: 7614.243 Thread 0x000002145aab6790 Exception <a 'java/io/IOException'{0x000000060a91f368}> (0x000000060a91f368) 
thrown [s\open\src\hotspot\share\prims\jni.cpp, line 520]
Event: 7614.244 Thread 0x000002145aec86a0 Exception <a 'java/io/IOException'{0x000000060a943580}> (0x000000060a943580) 
thrown [s\open\src\hotspot\share\prims\jni.cpp, line 520]
Event: 7614.244 Thread 0x000002145aec86a0 Exception <a 'java/io/IOException'{0x000000060a943b50}> (0x000000060a943b50) 
thrown [s\open\src\hotspot\share\prims\jni.cpp, line 520]
Event: 7614.247 Thread 0x000002145aec65d0 Exception <a 'java/io/IOException'{0x000000060a963490}> (0x000000060a963490) 
thrown [s\open\src\hotspot\share\prims\jni.cpp, line 520]
Event: 7614.247 Thread 0x000002145aec65d0 Exception <a 'java/io/IOException'{0x000000060a9637b0}> (0x000000060a9637b0) 
thrown [s\open\src\hotspot\share\prims\jni.cpp, line 520]
Event: 7614.248 Thread 0x000002145aec86a0 Exception <a 'java/io/IOException'{0x000000060a945ec0}> (0x000000060a945ec0) 
thrown [s\open\src\hotspot\share\prims\jni.cpp, line 520]
Event: 7614.248 Thread 0x000002145aec86a0 Exception <a 'java/io/IOException'{0x000000060a946490}> (0x000000060a946490) 
thrown [s\open\src\hotspot\share\prims\jni.cpp, line 520]
Event: 7614.248 Thread 0x000002145aec86a0 Exception <a 'java/io/IOException'{0x000000060a947e50}> (0x000000060a947e50) 
thrown [s\open\src\hotspot\share\prims\jni.cpp, line 520]
Event: 7614.248 Thread 0x000002145aec86a0 Exception <a 'java/io/IOException'{0x000000060a948420}> (0x000000060a948420) 
thrown [s\open\src\hotspot\share\prims\jni.cpp, line 520]
Event: 7614.248 Thread 0x000002145aec86a0 Exception <a 'java/io/IOException'{0x000000060a9498c0}> (0x000000060a9498c0) 
thrown [s\open\src\hotspot\share\prims\jni.cpp, line 520]
Event: 7614.248 Thread 0x000002145aec86a0 Exception <a 'java/io/IOException'{0x000000060a949e90}> (0x000000060a949e90) 
thrown [s\open\src\hotspot\share\prims\jni.cpp, line 520]
Event: 7614.250 Thread 0x000002145aec86a0 Exception <a 'java/io/IOException'{0x000000060a9e6030}> (0x000000060a9e6030) 
thrown [s\open\src\hotspot\share\prims\jni.cpp, line 520]
Event: 7614.250 Thread 0x000002145aec86a0 Exception <a 'java/io/IOException'{0x000000060a9e6600}> (0x000000060a9e6600) 
thrown [s\open\src\hotspot\share\prims\jni.cpp, line 520]
Event: 7614.250 Thread 0x000002145aec86a0 Exception <a 'java/io/IOException'{0x000000060a9f3670}> (0x000000060a9f3670) 
thrown [s\open\src\hotspot\share\prims\jni.cpp, line 520]
Event: 7614.250 Thread 0x000002145aec86a0 Exception <a 'java/io/IOException'{0x000000060a9f3c40}> (0x000000060a9f3c40) 
thrown [s\open\src\hotspot\share\prims\jni.cpp, line 520]
Event: 7614.255 Thread 0x000002145aec86a0 Exception <a 'java/io/IOException'{0x000000060a9f6850}> (0x000000060a9f6850) 
thrown [s\open\src\hotspot\share\prims\jni.cpp, line 520]
Event: 7614.255 Thread 0x000002145aec86a0 Exception <a 'java/io/IOException'{0x000000060a9f6e20}> (0x000000060a9f6e20) 
thrown [s\open\src\hotspot\share\prims\jni.cpp, line 520]
Event: 7614.257 Thread 0x000002145aab8860 Exception <a 'java/lang/InterruptedException'{0x000000060aa93d60}: sleep interrupted> (0x000000060aa93d60) 
thrown [s\open\src\hotspot\share\prims\jvm.cpp, line 3074]

ZGC Phase Switch (0 events):
No events

VM Operations (20 events):
Event: 7612.005 Executing VM operation: ICBufferFull done
Event: 7612.038 Executing VM operation: ICBufferFull
Event: 7612.038 Executing VM operation: ICBufferFull done
Event: 7612.071 Executing VM operation: HandshakeAllThreads (Deoptimize)
Event: 7612.071 Executing VM operation: HandshakeAllThreads (Deoptimize) done
Event: 7612.111 Executing VM operation: ICBufferFull
Event: 7612.111 Executing VM operation: ICBufferFull done
Event: 7612.208 Executing VM operation: ICBufferFull
Event: 7612.208 Executing VM operation: ICBufferFull done
Event: 7612.371 Executing VM operation: G1CollectForAllocation (G1 Evacuation Pause)
Event: 7612.376 Executing VM operation: G1CollectForAllocation (G1 Evacuation Pause) done
Event: 7612.522 Executing VM operation: G1TryInitiateConcMark (CodeCache GC Threshold)
Event: 7612.524 Executing VM operation: G1TryInitiateConcMark (CodeCache GC Threshold) done
Event: 7612.547 Executing VM operation: G1PauseRemark
Event: 7612.553 Executing VM operation: G1PauseRemark done
Event: 7612.558 Executing VM operation: G1PauseCleanup
Event: 7612.558 Executing VM operation: G1PauseCleanup done
Event: 7613.559 Executing VM operation: Cleanup
Event: 7613.559 Executing VM operation: Cleanup done
Event: 7614.257 Executing VM operation: G1CollectFull (System.gc())

Events (20 events):
Event: 7614.247 Thread 0x000002145aabbce0 Thread exited: 0x000002145aabbce0
Event: 7614.247 Thread 0x000002145aabb650 Thread exited: 0x000002145aabb650
Event: 7614.248 Thread 0x000002145aec8d30 Thread exited: 0x000002145aec8d30
Event: 7614.248 Thread 0x000002145aec72f0 Thread exited: 0x000002145aec72f0
Event: 7614.248 Thread 0x000002145aec5f40 Thread exited: 0x000002145aec5f40
Event: 7614.248 Thread 0x000002145aab6e20 Thread exited: 0x000002145aab6e20
Event: 7614.248 Thread 0x000002145aabafc0 Thread exited: 0x000002145aabafc0
Event: 7614.248 Thread 0x000002145aaba930 Thread exited: 0x000002145aaba930
Event: 7614.248 Thread 0x000002145aabca00 Thread exited: 0x000002145aabca00
Event: 7614.248 Thread 0x000002145aabc370 Thread exited: 0x000002145aabc370
Event: 7614.250 Thread 0x000002145aec72f0 Thread added: 0x000002145aec72f0
Event: 7614.251 Thread 0x000002145aab5a70 Thread exited: 0x000002145aab5a70
Event: 7614.251 Thread 0x000002145aab7b40 Thread exited: 0x000002145aab7b40
Event: 7614.251 Thread 0x000002145aab9580 Thread exited: 0x000002145aab9580
Event: 7614.251 Thread 0x000002145aab6100 Thread exited: 0x000002145aab6100
Event: 7614.251 Thread 0x000002145aab9c10 Thread exited: 0x000002145aab9c10
Event: 7614.255 Thread 0x000002145aec72f0 Thread exited: 0x000002145aec72f0
Event: 7614.257 Thread 0x000002145aab8ef0 Thread exited: 0x000002145aab8ef0
Event: 7614.257 Thread 0x000002145aab8860 Thread exited: 0x000002145aab8860
Event: 7614.257 Thread 0x000002145aab81d0 Thread exited: 0x000002145aab81d0


Dynamic libraries:
0x00007ff6c79e0000 - 0x00007ff6c79f0000 	C:\Users\RWL\.jdks\graalvm-jdk-21.0.7\bin\java.exe
0x00007ffbcc500000 - 0x00007ffbcc768000 	C:\WINDOWS\SYSTEM32\ntdll.dll
0x00007ffbcaf50000 - 0x00007ffbcb019000 	C:\WINDOWS\System32\KERNEL32.DLL
0x00007ffbc9d80000 - 0x00007ffbca172000 	C:\WINDOWS\System32\KERNELBASE.dll
0x00007ffbca180000 - 0x00007ffbca2cb000 	C:\WINDOWS\System32\ucrtbase.dll
0x00007ffb96760000 - 0x00007ffb96779000 	C:\Users\RWL\.jdks\graalvm-jdk-21.0.7\bin\jli.dll
0x00007ffb9da40000 - 0x00007ffb9da5b000 	C:\Users\RWL\.jdks\graalvm-jdk-21.0.7\bin\VCRUNTIME140.dll
0x00007ffbca390000 - 0x00007ffbca444000 	C:\WINDOWS\System32\ADVAPI32.dll
0x00007ffbca6f0000 - 0x00007ffbca799000 	C:\WINDOWS\System32\msvcrt.dll
0x00007ffbcb2a0000 - 0x00007ffbcb346000 	C:\WINDOWS\System32\sechost.dll
0x00007ffbcb3e0000 - 0x00007ffbcb4f8000 	C:\WINDOWS\System32\RPCRT4.dll
0x00007ffbca470000 - 0x00007ffbca635000 	C:\WINDOWS\System32\USER32.dll
0x00007ffbc97d0000 - 0x00007ffbc97f7000 	C:\WINDOWS\System32\win32u.dll
0x00007ffbca640000 - 0x00007ffbca66b000 	C:\WINDOWS\System32\GDI32.dll
0x00007ffbaefe0000 - 0x00007ffbaf273000 	C:\WINDOWS\WinSxS\amd64_microsoft.windows.common-controls_6595b64144ccf1df_6.0.26100.6899_none_3e0efeeae32e88c1\COMCTL32.dll
0x00007ffbc9af0000 - 0x00007ffbc9c1d000 	C:\WINDOWS\System32\gdi32full.dll
0x00007ffbc9690000 - 0x00007ffbc9733000 	C:\WINDOWS\System32\msvcp_win.dll
0x00007ffbc3860000 - 0x00007ffbc386b000 	C:\WINDOWS\SYSTEM32\VERSION.dll
0x00007ffbcc350000 - 0x00007ffbcc37f000 	C:\WINDOWS\System32\IMM32.DLL
0x00007ffbac7b0000 - 0x00007ffbac7bc000 	C:\Users\RWL\.jdks\graalvm-jdk-21.0.7\bin\vcruntime140_1.dll
0x00007ffb34b20000 - 0x00007ffb34bae000 	C:\Users\RWL\.jdks\graalvm-jdk-21.0.7\bin\msvcp140.dll
0x00007ffb11a70000 - 0x00007ffb12794000 	C:\Users\RWL\.jdks\graalvm-jdk-21.0.7\bin\server\jvm.dll
0x00007ffbca7a0000 - 0x00007ffbca814000 	C:\WINDOWS\System32\WS2_32.dll
0x00007ffbbaab0000 - 0x00007ffbbaae5000 	C:\WINDOWS\SYSTEM32\WINMM.dll
0x00007ffbc8f90000 - 0x00007ffbc8fee000 	C:\WINDOWS\SYSTEM32\POWRPROF.dll
0x00007ffbc8f30000 - 0x00007ffbc8f44000 	C:\WINDOWS\SYSTEM32\UMPDC.dll
0x00007ffbc8460000 - 0x00007ffbc847b000 	C:\WINDOWS\SYSTEM32\kernel.appcore.dll
0x00007ffba7e50000 - 0x00007ffba7e5a000 	C:\Users\RWL\.jdks\graalvm-jdk-21.0.7\bin\jimage.dll
0x00007ffbb7260000 - 0x00007ffbb74a2000 	C:\WINDOWS\SYSTEM32\DBGHELP.DLL
0x00007ffbcb880000 - 0x00007ffbcbbfb000 	C:\WINDOWS\System32\combase.dll
0x00007ffbca980000 - 0x00007ffbcaa57000 	C:\WINDOWS\System32\OLEAUT32.dll
0x00007ffba2b00000 - 0x00007ffba2b3c000 	C:\WINDOWS\SYSTEM32\dbgcore.DLL
0x00007ffbc9c20000 - 0x00007ffbc9cb8000 	C:\WINDOWS\System32\bcryptPrimitives.dll
0x00007ffba7dd0000 - 0x00007ffba7ddf000 	C:\Users\RWL\.jdks\graalvm-jdk-21.0.7\bin\instrument.dll
0x00007ffb95760000 - 0x00007ffb9577f000 	C:\Users\RWL\.jdks\graalvm-jdk-21.0.7\bin\java.dll
0x00007ffbcbc00000 - 0x00007ffbcc34d000 	C:\WINDOWS\System32\SHELL32.dll
0x00007ffbc9980000 - 0x00007ffbc9aeb000 	C:\WINDOWS\System32\wintypes.dll
0x00007ffbc7320000 - 0x00007ffbc7b7d000 	C:\WINDOWS\SYSTEM32\windows.storage.dll
0x00007ffbcc3c0000 - 0x00007ffbcc4b2000 	C:\WINDOWS\System32\SHCORE.dll
0x00007ffbcb230000 - 0x00007ffbcb292000 	C:\WINDOWS\System32\shlwapi.dll
0x00007ffbc95b0000 - 0x00007ffbc95d9000 	C:\WINDOWS\SYSTEM32\profapi.dll
0x00007ffb914f0000 - 0x00007ffb91508000 	C:\Users\RWL\.jdks\graalvm-jdk-21.0.7\bin\zip.dll
0x00007ffba7c90000 - 0x00007ffba7ca0000 	C:\Users\RWL\.jdks\graalvm-jdk-21.0.7\bin\net.dll
0x00007ffbc0060000 - 0x00007ffbc017f000 	C:\WINDOWS\SYSTEM32\WINHTTP.dll
0x00007ffbc89d0000 - 0x00007ffbc8a3b000 	C:\WINDOWS\system32\mswsock.dll
0x00007ffb8f190000 - 0x00007ffb8f1a6000 	C:\Users\RWL\.jdks\graalvm-jdk-21.0.7\bin\nio.dll
0x00007ffba5170000 - 0x00007ffba5179000 	C:\Users\RWL\.jdks\graalvm-jdk-21.0.7\bin\extnet.dll
0x00007ffbc7f10000 - 0x00007ffbc8036000 	C:\WINDOWS\SYSTEM32\DNSAPI.dll
0x00007ffbc7e80000 - 0x00007ffbc7eb4000 	C:\WINDOWS\SYSTEM32\IPHLPAPI.DLL
0x00007ffbcb020000 - 0x00007ffbcb02a000 	C:\WINDOWS\System32\NSI.dll
0x00007ffbb9c20000 - 0x00007ffbb9c2b000 	C:\Windows\System32\rasadhlp.dll
0x00007ffbbfca0000 - 0x00007ffbbfd26000 	C:\WINDOWS\System32\fwpuclnt.dll
0x00007ffba7bd0000 - 0x00007ffba7bda000 	C:\Users\RWL\.jdks\graalvm-jdk-21.0.7\bin\management.dll
0x00007ffba66b0000 - 0x00007ffba66bb000 	C:\Users\RWL\.jdks\graalvm-jdk-21.0.7\bin\management_ext.dll
0x00007ffbcb870000 - 0x00007ffbcb878000 	C:\WINDOWS\System32\PSAPI.DLL
0x00007ffbc8c90000 - 0x00007ffbc8cab000 	C:\WINDOWS\SYSTEM32\CRYPTSP.dll
0x00007ffbc83c0000 - 0x00007ffbc83fb000 	C:\WINDOWS\system32\rsaenh.dll
0x00007ffbc8a70000 - 0x00007ffbc8a9b000 	C:\WINDOWS\SYSTEM32\USERENV.dll
0x00007ffbc9580000 - 0x00007ffbc95a6000 	C:\WINDOWS\SYSTEM32\bcrypt.dll
0x00007ffbc8c80000 - 0x00007ffbc8c8c000 	C:\WINDOWS\SYSTEM32\CRYPTBASE.dll
0x00007ffbadd20000 - 0x00007ffbadd38000 	C:\WINDOWS\system32\napinsp.dll
0x00007ffbad390000 - 0x00007ffbad3a2000 	C:\WINDOWS\System32\winrnr.dll
0x00007ffb9f7f0000 - 0x00007ffb9f818000 	C:\WINDOWS\system32\nlansp_c.dll
0x00007ffba0380000 - 0x00007ffba0396000 	C:\WINDOWS\system32\wshbth.dll
0x00007ffba44a0000 - 0x00007ffba44ae000 	C:\Users\RWL\.jdks\graalvm-jdk-21.0.7\bin\sunmscapi.dll
0x00007ffbc9800000 - 0x00007ffbc9977000 	C:\WINDOWS\System32\CRYPT32.dll
0x00007ffbc8f50000 - 0x00007ffbc8f80000 	C:\WINDOWS\SYSTEM32\ncrypt.dll
0x00007ffbc8ee0000 - 0x00007ffbc8f1f000 	C:\WINDOWS\SYSTEM32\NTASN1.dll
0x00007ffba7c00000 - 0x00007ffba7c10000 	C:\Users\RWL\.jdks\graalvm-jdk-21.0.7\bin\verify.dll
0x00007ffbb93e0000 - 0x00007ffbb93e8000 	C:\WINDOWS\system32\wshunix.dll

dbghelp: loaded successfully - version: 4.0.5 - missing functions: none
symbol engine: initialized successfully - sym options: 0x614 - pdb path: .;C:\Users\RWL\.jdks\graalvm-jdk-21.0.7\bin;C:\WINDOWS\SYSTEM32;C:\WINDOWS\WinSxS\amd64_microsoft.windows.common-controls_6595b64144ccf1df_6.0.26100.6899_none_3e0efeeae32e88c1;C:\Users\RWL\.jdks\graalvm-jdk-21.0.7\bin\server

VM Arguments:
jvm_args: -XX:ThreadPriorityPolicy=1 -XX:+UnlockExperimentalVMOptions -XX:+EnableJVMCIProduct -XX:-UnlockExperimentalVMOptions -XX:TieredStopAtLevel=1 -Dspring.output.ansi.enabled=always -Dcom.sun.management.jmxremote -Dspring.jmx.enabled=true -Dspring.liveBeansView.mbeanDomain -Dspring.application.admin.enabled=true -Dmanagement.endpoints.jmx.exposure.include=* -javaagent:C:\Program Files\JetBrains\IntelliJ IDEA 2025.2\lib\idea_rt.jar=8274 -Dfile.encoding=UTF-8 -Dsun.stdout.encoding=UTF-8 -Dsun.stderr.encoding=UTF-8 
java_command: com.unimate.UnimateApplication
java_class_path (initial): C:\Study\NBE7-9-2-Team10\backend\unimate\build\classes\java\main;C:\Study\NBE7-9-2-Team10\backend\unimate\build\resources\main;C:\Users\RWL\.gradle\caches\modules-2\files-2.1\org.projectlombok\lombok\1.18.40\398c6d2d7c42c96b65e78d2ddc9be0058c163453\lombok-1.18.40.jar;C:\Users\RWL\.gradle\caches\modules-2\files-2.1\org.springframework.boot\spring-boot-starter-data-jpa\3.5.6\ec77fd4b025ff3401e80be68a8a3dfbe45c7dcfa\spring-boot-starter-data-jpa-3.5.6.jar;C:\Users\RWL\.gradle\caches\modules-2\files-2.1\org.springframework.boot\spring-boot-starter-security\3.5.6\f784752820b4e59f1e144e6d208d04fa27da9\spring-boot-starter-security-3.5.6.jar;C:\Users\RWL\.gradle\caches\modules-2\files-2.1\org.springframework.boot\spring-boot-starter-validation\3.5.6\2ec647ae8e16b09a4aee4a17c0e7736f6214aacc\spring-boot-starter-validation-3.5.6.jar;C:\Users\RWL\.gradle\caches\modules-2\files-2.1\org.springframework.boot\spring-boot-starter-websocket\3.5.6\f4b8149bfb0edd2580dbb3353bf1be16ba7938fb\spring-boot-starter-websocket-3.5.6.jar;C:\Users\RWL\.gradle\caches\modules-2\files-2.1\org.springframework.boot\spring-boot-starter-web\3.5.6\83d6174983b3d6649525a272222af212728a9892\spring-boot-starter-web-3.5.6.jar;C:\Users\RWL\.gradle\caches\modules-2\files-2.1\org.springframework.security\spring-security-messaging\6.5.5\20222600972f611395d33e5349cb7064e823fbc3\spring-security-messaging-6.5.5.jar;C:\Users\RWL\.gradle\caches\modules-2\files-2.1\io.jsonwebtoken\jjwt-api\0.12.6\478886a888f6add04937baf0361144504a024967\jjwt-api-0.12.6.jar;C:\Users\RWL\.gradle\caches\modules-2\files-2.1\org.springframework.boot\spring-boot-starter-mail\3.5.6\3eb538d7fd28516e08908d9b9b912a8d8ec5cc8e\spring-boot-starter-mail-3.5.6.jar;C:\Users\RWL\.gradle\caches\modules-2\files-2.1\org.springframework.boot\spring-boot-starter-jdbc\3.5.6\812d2dc9a662d9ab640bea01b383e82d881fc586\spring-boot-starter-jdbc-3.5.6.jar;C:\Users\RWL\.gradle\caches\modules-2\files-2.1\org.springframework.boot\spring-boot-starter\3.5.6\2a2de314809a7c4c9b7303063c1313e03fe31ad3\spring-boot-starter-3.5.6.jar;C:\Users\RWL\.gradle\caches\modules-2\files-2.1\org.hibernate.orm\hibernate-core\6.6.29.Final\d12db68bb867e2fe6e68740b3fba3d1d633f77ff\hibernate-core-6.6.29.Final.jar;C:\Users\RWL\.gradle\caches\modules-2\files-2.1\org.springframework.data\spring-data-jpa\3.5.4\abd37141d1bd52283aac0d962d6efa1d4d72424b\spring-data-jpa-3.5.4.jar;C:\Users\RWL\.gradle\caches\modules-2\files-2.1\org.springframework\spring-aspects\6.2.11\e02d582f1595b101c7fa53778e91ddb71d62974e\spring-aspects-6.2.11.jar;C:\Users\RWL\.gradle\caches\modules-2\files-2.1\org.springframework.security\spring-security-config\6.5.5\e647f8334d2d4578f7b553e705a409017ac37be1\spring-security-config-6.5.5.jar;C:\Users\RWL\.gradle\caches\modules-2\files-2.1\org.springframework.security\spring-security-web\6.5.5\53362443076c948cf1fbdd078802ef58917b5938\spring-security-web-6.5.5.jar;C:\Users\RWL\.gradle\caches\modules-2\files-2.1\org.springframework\spring-aop\6.2.11\1e970383810700506d646c2fa8943725f123f000\spring-aop-6.2.11.jar;C:\Users\RWL\.gradle\caches\modules-2\files-2.1\org.apache.tomcat.embed\tomcat-embed-el\10.1.46\e1fc6986d030e791415535e28fd21c0be11810de\tomcat-embed-el-10.1.46.jar;C:\Users\RWL\.gradle\caches\modules-2\files-2.1\org.hibernate.validator\hibernate-validator\8.0.3.Final\4425f554297a1c5ba03a3f30e559a9fd91048cf8\hibernate-validator-8.0.3.Final.jar;C:\Users\RWL\.gradle\caches\modules-2\files-2.1\org.springframework\spring-websocket\6.2.11\f0d6ad3b49e734182f3acfa3d535ec557e2e837e\spring-websocket-6.2.11.jar;C:\Users\RWL\.gradle\caches\modules-2\files-2.1\org.springframework\spring-messaging\6.2.11\74df574d43104cdb0e9bf60bb6bef787ec05c8b6\spring-messaging-6.2.11.jar;C:\Users\RWL\.gradle\caches\modules-2\files-2.1\org.springframework.boot\spring-boot-starter-json\3.5.6\62143e29dbac1e72759da7dd85fb8f85a3d582f7\spring-boot-starter-json-3.5.6.jar;C:\Users\RWL\.gradle\caches\modules-2\files-2.1\org.springframework\spring-webmvc\6.2.11\3313fe95e06c1d3c94d00301cbed56ed1a9d2a86\spring-webmvc-6.2.11.jar;C:\Users\RWL\.gradle\caches\modules-2\files-2.1\org.springframework.boot\spring-boot-starter-tomcat\3.5.6\9384211e92c82344e23b00a580cc769724ea9a0c\spring-boot-starter-tomcat-3.5.6.jar;C:\Users\RWL\.gradle\caches\modules-2\files-2.1\org.springframework\spring-web\6.2.11\e590ac3e1aaea2d34a5ccb5c25ad84acbada8468\spring-web-6.2.11.jar;C:\Users\RWL\.gradle\caches\modules-2\files-2.1\org.springframework.security\spring-security-core\6.5.5\b4010d71d6b53cae574ba3d5c15629ed782f3318\spring-security-core-6.5.5.jar;C:\Users\RWL\.gradle\caches\modules-2\files-2.1\org.springframework\spring-context\6.2.11\bbfb4d55385b2b65ecaf04937d209cf467eaba2f\spring-context-6.2.11.jar;C:\Users\RWL\.gradle\caches\modules-2\files-2.1\org.springframework\spring-beans\6.2.11\8d92eb837b70094d7316f6a07770eefd360bc53c\spring-beans-6.2.11.jar;C:\Users\RWL\.gradle\caches\modules-2\files-2.1\org.springframework\spring-expression\6.2.11\7190c1c69576516efef1a061d956dccf17cb0b86\spring-expression-6.2.11.jar;C:\Users\RWL\.gradle\caches\modules-2\files-2.1\org.springframework\spring-core\6.2.11\f4860eb6ea92abb8ae6c5e82e2e7efc395cef8d\spring-core-6.2.11.jar;C:\Users\RWL\.gradle\caches\modules-2\files-2.1\org.springframework\spring-context-support\6.2.11\b092cbb9c21eab6fbbbf57b21eaef8da6d3a96a6\spring-context-support-6.2.11.jar;C:\Users\RWL\.gradle\caches\modules-2\files-2.1\org.eclipse.angus\jakarta.mail\2.0.4\c9186aca3267c1ee38ada22acfb12d7ef5c73593\jakarta.mail-2.0.4.jar;C:\Users\RWL\.gradle\caches\modules-2\files-2.1\org.springframework\spring-jdbc\6.2.11\8aadfc8bed1630563c65bb5628e2175ecd508998\spring-jdbc-6.2.11.jar;C:\Users\RWL\.gradle\caches\modules-2\files-2.1\com.zaxxer\HikariCP\6.3.3\7c5aec1e47a97ff40977e0193018865304ea9585\HikariCP-6.3.3.jar;C:\Users\RWL\.gradle\caches\modules-2\files-2.1\org.springframework.boot\spring-boot-autoconfigure\3.5.6\6b8fc2519774de4e82b0dbb5651093ce2ca20836\spring-boot-autoconfigure-3.5.6.jar;C:\Users\RWL\.gradle\caches\modules-2\files-2.1\org.springframework.boot\spring-boot\3.5.6\a02f486ab700dad1f81e54cb37651d92a3f9d700\spring-boot-3.5.6.jar;C:\Users\RWL\.gradle\caches\modules-2\files-2.1\org.springframework.boot\spring-boot-starter-logging\3.5.6\61717f15cb53d2a0cce6428b29adbdc2ed5f2f25\spring-boot-starter-logging-3.5.6.jar;C:\Users\RWL\.gradle\caches\modules-2\files-2.1\jakarta.annotation\jakarta.annotation-api\2.1.1\48b9bda22b091b1f48b13af03fe36db3be6e1ae3\jakarta.annotation-api-2.1.1.jar;C:\Users\RWL\.gradle\caches\modules-2\files-2.1\org.yaml\snakeyaml\2.4\e0666b825b796f85521f02360e77f4c92c5a7a07\snakeyaml-2.4.jar;C:\Users\RWL\.gradle\caches\modules-2\files-2.1\jakarta.persistence\jakarta.persistence-api\3.1.0\66901fa1c373c6aff65c13791cc11da72060a8d6\jakarta.persistence-api-3.1.0.jar;C:\Users\RWL\.gradle\caches\modules-2\files-2.1\jakarta.transaction\jakarta.transaction-api\2.0.1\51a520e3fae406abb84e2e1148e6746ce3f80a1a\jakarta.transaction-api-2.0.1.jar;C:\Users\RWL\.gradle\caches\modules-2\files-2.1\org.springframework\spring-orm\6.2.11\d14df2d6ecddd2984ef5590d73c5178d7df25c11\spring-orm-6.2.11.jar;C:\Users\RWL\.gradle\caches\modules-2\files-2.1\org.springframework.data\spring-data-commons\3.5.4\b61f6528cb8b39b471775a4b27f0437f6646f1e6\spring-data-commons-3.5.4.jar;C:\Users\RWL\.gradle\caches\modules-2\files-2.1\org.springframework\spring-tx\6.2.11\f2b8bef65f6682019002c12a628886637e596261\spring-tx-6.2.11.jar;C:\Users\RWL\.gradle\caches\modules-2\files-2.1\org.antlr\antlr4-runtime\4.13.0\5a02e48521624faaf5ff4d99afc88b01686af655\antlr4-runtime-4.13.0.jar;C:\Users\RWL\.gradle\caches\modules-2\files-2.1\org.slf4j\slf4j-api\2.0.17\d9e58ac9c7779ba3bf8142aff6c830617a7fe60f\slf4j-api-2.0.17.jar;C:\Users\RWL\.gradle\caches\modules-2\files-2.1\org.aspectj\aspectjweaver\1.9.24\9b5aeb0cea9f958b9c57fb80e62996e95a3e9379\aspectjweaver-1.9.24.jar;C:\Users\RWL\.gradle\caches\modules-2\files-2.1\jakarta.validation\jakarta.validation-api\3.0.2\92b6631659ba35ca09e44874d3eb936edfeee532\jakarta.validation-api-3.0.2.jar;C:\Users\RWL\.gradle\caches\modules-2\files-2.1\org.jboss.logging\jboss-logging\3.6.1.Final\886afbb445b4016a37c8960a7aef6ebd769ce7e5\jboss-logging-3.6.1.Final.jar;C:\Users\RWL\.gradle\caches\modules-2\files-2.1\com.fasterxml\classmate\1.7.0\e98374da1f2143ac8e6e0a95036994bb19137a3\classmate-1.7.0.jar;C:\Users\RWL\.gradle\caches\modules-2\files-2.1\com.fasterxml.jackson.datatype\jackson-datatype-jsr310\2.19.2\72e73f048b36d9df82aef146bf8b2ae63b2e28e2\jackson-datatype-jsr310-2.19.2.jar;C:\Users\RWL\.gradle\caches\modules-2\files-2.1\com.fasterxml.jackson.module\jackson-module-parameter-names\2.19.2\3c4ce467c11364c72ec4967c570fd5a2d1be1d0b\jackson-module-parameter-names-2.19.2.jar;C:\Users\RWL\.gradle\caches\modules-2\files-2.1\com.fasterxml.jackson.datatype\jackson-datatype-jdk8\2.19.2\a720d3946c3a1ab04b780f3b3163d62eee6948a0\jackson-datatype-jdk8-2.19.2.jar;C:\Users\RWL\.gradle\caches\modules-2\files-2.1\com.fasterxml.jackson.core\jackson-databind\2.19.2\46509399d28f57ca32c6bb4b0d4e10e8f062051e\jackson-databind-2.19.2.jar;C:\Users\RWL\.gradle\caches\modules-2\files-2.1\org.apache.tomcat.embed\tomcat-embed-websocket\10.1.46\e98da6e2f659ec02062d2c84a07b7262e82d8b74\tomcat-embed-websocket-10.1.46.jar;C:\Users\RWL\.gradle\caches\modules-2\files-2.1\org.apache.tomcat.embed\tomcat-embed-core\10.1.46\64d4eee6e42eb61492a7b84d458327bfb1c1d957\tomcat-embed-core-10.1.46.jar;C:\Users\RWL\.gradle\caches\modules-2\files-2.1\io.micrometer\micrometer-observation\1.15.4\8cd0aed0ff098a7937f2f8f81705840f2d60a432\micrometer-observation-1.15.4.jar;C:\Users\RWL\.gradle\caches\modules-2\files-2.1\org.springframework.security\spring-security-crypto\6.5.5\83f9ebdd4706d23d697a7012aa946b64b54476f6\spring-security-crypto-6.5.5.jar;C:\Users\RWL\.gradle\caches\modules-2\files-2.1\org.springframework\spring-jcl\6.2.11\819fc7e968ac07d4b042be7cfb8d99c267142ac7\spring-jcl-6.2.11.jar;C:\Users\RWL\.gradle\caches\modules-2\files-2.1\jakarta.activation\jakarta.activation-api\2.1.4\9e5c2a0d75dde71a0bedc4dbdbe47b78a5dc50f8\jakarta.activation-api-2.1.4.jar;C:\Users\RWL\.gradle\caches\modules-2\files-2.1\ch.qos.logback\logback-classic\1.5.18\fc371f3fc97a639de2d67947cffb7518ec5e3d40\logback-classic-1.5.18.jar;C:\Users\RWL\.gradle\caches\modules-2\files-2.1\org.apache.logging.log4j\log4j-to-slf4j\2.24.3\da1143e2a2531ee1c2d90baa98eb50a28a39d5a7\log4j-to-slf4j-2.24.3.jar;C:\Users\RWL\.gradle\caches\modules-2\files-2.1\org.slf4j\jul-to-slf4j\2.0.17\524cb6ccc2b68a57604750e1ab8b13b5a786a6aa\jul-to-slf4j-2.0.17.jar;C:\Users\RWL\.gradle\caches\modules-2\files-2.1\com.fasterxml.jackson.core\jackson-annotations\2.19.2\c5381f11988ae3d424b197a26087d86067b6d7d\jackson-annotations-2.19.2.jar;C:\Users\RWL\.gradle\caches\modules-2\files-2.1\com.fasterxml.jackson.core\jackson-core\2.19.2\50f3b4bd59b9ff51a0ed493e7b5abaf5c39709bf\jackson-core-2.19.2.jar;C:\Users\RWL\.gradle\caches\modules-2\files-2.1\io.micrometer\micrometer-commons\1.15.4\f73f10deeee5700b15c2f0f41ae79e2689b39613\micrometer-commons-1.15.4.jar;C:\Users\RWL\.gradle\caches\modules-2\files-2.1\ch.qos.logback\logback-core\1.5.18\6c0375624f6f36b4e089e2488ba21334a11ef13f\logback-core-1.5.18.jar;C:\Users\RWL\.gradle\caches\modules-2\files-2.1\org.apache.logging.log4j\log4j-api\2.24.3\b02c125db8b6d295adf72ae6e71af5d83bce2370\log4j-api-2.24.3.jar;C:\Users\RWL\.gradle\caches\modules-2\files-2.1\org.springframework.boot\spring-boot-devtools\3.5.6\cef8469fb0f018e4180f9244ffb8e6076621987e\spring-boot-devtools-3.5.6.jar;C:\Users\RWL\.gradle\caches\modules-2\files-2.1\io.jsonwebtoken\jjwt-impl\0.12.6\ac23673a84b6089e0369fb8ab2c69edd91cd6eb0\jjwt-impl-0.12.6.jar;C:\Users\RWL\.gradle\caches\modules-2\files-2.1\io.jsonwebtoken\jjwt-jackson\0.12.6\f141e0c1136ba17f2632858238a31ae05642dbf8\jjwt-jackson-0.12.6.jar;C:\Users\RWL\.gradle\caches\modules-2\files-2.1\com.h2database\h2\2.3.232\4fcc05d966ccdb2812ae8b9a718f69226c0cf4e2\h2-2.3.232.jar;C:\Users\RWL\.gradle\caches\modules-2\files-2.1\com.mysql\mysql-connector-j\9.4.0\8f6c66269048fbd2316b7b45d75898ebee44986f\mysql-connector-j-9.4.0.jar;C:\Users\RWL\.gradle\caches\modules-2\files-2.1\org.hibernate.common\hibernate-commons-annotations\7.0.3.Final\e183c4be8bb41d12e9f19b374e00c34a0a85f439\hibernate-commons-annotations-7.0.3.Final.jar;C:\Users\RWL\.gradle\caches\modules-2\files-2.1\io.smallrye\jandex\3.2.0\f17ad860f62a08487b9edabde608f8ac55c62fa7\jandex-3.2.0.jar;C:\Users\RWL\.gradle\caches\modules-2\files-2.1\net.bytebuddy\byte-buddy\1.17.7\3856bfab61beb23e099a0d6629f2ba8de4b98ace\byte-buddy-1.17.7.jar;C:\Users\RWL\.gradle\caches\modules-2\files-2.1\org.glassfish.jaxb\jaxb-runtime\4.0.5\ca84c2a7169b5293e232b9d00d1e4e36d4c3914a\jaxb-runtime-4.0.5.jar;C:\Users\RWL\.gradle\caches\modules-2\files-2.1\jakarta.xml.bind\jakarta.xml.bind-api\4.0.2\6cd5a999b834b63238005b7144136379dc36cad2\jakarta.xml.bind-api-4.0.2.jar;C:\Users\RWL\.gradle\caches\modules-2\files-2.1\jakarta.inject\jakarta.inject-api\2.0.1\4c28afe1991a941d7702fe1362c365f0a8641d1e\jakarta.inject-api-2.0.1.jar;C:\Users\RWL\.gradle\caches\modules-2\files-2.1\org.eclipse.angus\angus-activation\2.0.2\41f1e0ddd157c856926ed149ab837d110955a9fc\angus-activation-2.0.2.jar;C:\Users\RWL\.gradle\caches\modules-2\files-2.1\org.glassfish.jaxb\jaxb-core\4.0.5\7b4b11ea5542eea4ad55e1080b23be436795b3\jaxb-core-4.0.5.jar;C:\Users\RWL\.gradle\caches\modules-2\files-2.1\org.glassfish.jaxb\txw2\4.0.5\f36a4ef12120a9bb06d766d6a0e54b144fd7ed98\txw2-4.0.5.jar;C:\Users\RWL\.gradle\caches\modules-2\files-2.1\com.sun.istack\istack-commons-runtime\4.1.2\18ec117c85f3ba0ac65409136afa8e42bc74e739\istack-commons-runtime-4.1.2.jar
Launcher Type: SUN_STANDARD

[Global flags]
     intx CICompilerCount                          = 4                                         {product} {ergonomic}
     uint ConcGCThreads                            = 3                                         {product} {ergonomic}
     bool EnableJVMCIProduct                       = true                                {JVMCI product} {jimage}
     uint G1ConcRefinementThreads                  = 10                                        {product} {ergonomic}
   size_t G1HeapRegionSize                         = 4194304                                   {product} {ergonomic}
    uintx GCDrainStackTargetSize                   = 64                                        {product} {ergonomic}
   size_t InitialHeapSize                          = 532676608                                 {product} {ergonomic}
     bool ManagementServer                         = true                                      {product} {command line}
   size_t MarkStackSize                            = 4194304                                   {product} {ergonomic}
   size_t MaxHeapSize                              = 8522825728                                {product} {ergonomic}
   size_t MaxNewSize                               = 5112856576                                {product} {ergonomic}
   size_t MinHeapDeltaBytes                        = 4194304                                   {product} {ergonomic}
   size_t MinHeapSize                              = 8388608                                   {product} {ergonomic}
    uintx NonNMethodCodeHeapSize                   = 4096                                   {pd product} {ergonomic}
    uintx NonProfiledCodeHeapSize                  = 0                                      {pd product} {ergonomic}
     bool ProfileInterpreter                       = false                                  {pd product} {command line}
    uintx ProfiledCodeHeapSize                     = 0                                      {pd product} {ergonomic}
   size_t SoftMaxHeapSize                          = 8522825728                             {manageable} {ergonomic}
      int ThreadPriorityPolicy                     = 1                                         {product} {jimage}
     intx TieredStopAtLevel                        = 1                                         {product} {command line}
     bool UseCompressedOops                        = true                           {product lp64_product} {ergonomic}
     bool UseG1GC                                  = true                                      {product} {ergonomic}
     bool UseLargePagesIndividualAllocation        = false                                  {pd product} {ergonomic}

Logging:
Log output configuration:
 #0: stdout all=warning uptime,level,tags foldmultilines=false
 #1: stderr all=off uptime,level,tags foldmultilines=false

Environment Variables:
JAVA_HOME=C:\Program Files\Java\jdk-23
CLASSPATH=C:\Program Files\Java\jdk-23\lib
PATH=C:\Program Files\Common Files\Oracle\Java\javapath;C:\Program Files (x86)\Common Files\Oracle\Java\java8path;C:\Program Files (x86)\Common Files\Oracle\Java\javapath;C:\Program Files (x86)\Common Files\Intel\Shared Libraries\redist\intel64\compiler;C:\Program Files (x86)\NAT Service;C:\Program Files\Python310\Scripts\;C:\Program Files\Python310\;C:\WINDOWS\system32;C:\WINDOWS;C:\WINDOWS\System32\Wbem;C:\WINDOWS\System32\WindowsPowerShell\v1.0\;C:\WINDOWS\System32\OpenSSH\;C:\Program Files\Bandizip\;C:\Program Files (x86)\QuickTime\QTSystem\;C:\Program Files\dotnet\;C:\Program Files\Java\jdk-23\bin\;C:\Program Files\MySQL\MySQL Server 8.0\bin;C:\Program Files\NVIDIA Corporation\NVIDIA app\NvDLISR;C:\Program Files\Java\jdk-23\bin;C:\Maven\apache-maven-3.9.9\bin;C:\Program Files (x86)\NVIDIA Corporation\PhysX\Common;C:\Program Files\Git\cmd;C:\ffmpeg\bin;C:\Program Files\Docker\Docker\resources\bin;C:\Program Files\Go\bin;C:\Program Files (x86)\Windows Kits\10\Windows Performance Toolkit\;C:\Program Files (x86)\Google\Cloud SDK\google-cloud-sdk\bin;C:\Program Files\nodejs\;C:\Program Files\cursor\resources\app\bin;C:\Users\RWL\AppData\Local\Microsoft\WindowsApps;C:\Users\RWL\AppData\Local\Programs\Microsoft VS Code\bin;C:\Program Files\JetBrains\IntelliJ IDEA 2023.2.4\bin;%JavaHome%;C:\Users\RWL\AppData\Local\spicetify;C:\Users\RWL\AppData\Local\Microsoft\WindowsApps;C:\Program Files\JetBrains\IntelliJ IDEA Community Edition 2025.1.4.1\bin;;C:\Program Files\JetBrains\IntelliJ IDEA 2025.2\bin;C:\Users\RWL\go\bin;C:\Users\RWL\AppData\Roaming\npm;C:\Users\RWL\AppData\Local\GitHubDesktop\bin
USERNAME=RWL
OS=Windows_NT
PROCESSOR_IDENTIFIER=AMD64 Family 25 Model 97 Stepping 2, AuthenticAMD
TMP=C:\Users\RWL\AppData\Local\Temp
TEMP=C:\Users\RWL\AppData\Local\Temp




Periodic native trim disabled

---------------  S Y S T E M  ---------------

OS:
 Windows 11 , 64 bit Build 26100 (10.0.26100.6725)
OS uptime: 0 days 23:40 hours

CPU: total 12 (initial active 12) (12 cores per cpu, 2 threads per core) family 25 model 97 stepping 2 microcode 0xa601203, cx8, cmov, fxsr, ht, mmx, 3dnowpref, sse, sse2, sse3, ssse3, sse4a, sse4.1, sse4.2, popcnt, lzcnt, tsc, tscinvbit, avx, avx2, aes, erms, clmul, bmi1, bmi2, adx, avx512f, avx512dq, avx512cd, avx512bw, avx512vl, sha, fma, vzeroupper, avx512_vpopcntdq, avx512_vpclmulqdq, avx512_vaes, avx512_vnni, clflush, clflushopt, avx512_vbmi2, avx512_vbmi, rdtscp, rdpid, fsrm, gfni, avx512_bitalg, f16c, pku, cet_ss, avx512_ifma
Processor Information for all 12 processors :
  Max Mhz: 3701, Current Mhz: 3701, Mhz Limit: 3701

Memory: 4k page, system-wide physical 32502M (13730M free)
TotalPageFile size 32502M (AvailPageFile size 0M)
current process WorkingSet (physical memory assigned to process): 325M, peak: 628M
current process commit charge ("private bytes"): 396M, peak: 673M

vm_info: Java HotSpot(TM) 64-Bit Server VM (21.0.7+8-LTS-jvmci-23.1-b60) for windows-amd64 JRE (21.0.7+8-LTS-jvmci-23.1-b60), built on 2025-02-26T11:58:54Z by "OCIWIN11Buildbot" with MS VC++ 17.6 (VS2022)

END.
